{
  "RSpec": {
    "coverage": {
      "/Users/muskanagarwal/Downloads/scrapper/app/controllers/actors_controller.rb": {
        "lines": [
          1,
          1,
          null,
          1,
          3,
          3,
          3,
          3,
          0,
          0,
          0,
          null,
          null,
          0,
          null,
          null,
          null,
          null,
          3,
          3,
          null,
          7,
          7,
          5,
          null,
          2,
          null,
          3,
          null,
          3,
          1,
          null,
          null,
          null,
          null,
          1,
          3,
          null,
          null,
          null
        ]
      },
      "/Users/muskanagarwal/Downloads/scrapper/app/controllers/application_controller.rb": {
        "lines": [
          1,
          null
        ]
      },
      "/Users/muskanagarwal/Downloads/scrapper/app/controllers/movies_controller.rb": {
        "lines": [
          1,
          1,
          null,
          1,
          1,
          1,
          1,
          1,
          null,
          null,
          1,
          1,
          null,
          0,
          null,
          null,
          1,
          null,
          1,
          1,
          null,
          null,
          null
        ]
      },
      "/Users/muskanagarwal/Downloads/scrapper/app/services/movie_service.rb": {
        "lines": [
          1,
          null,
          1,
          5,
          5,
          5,
          2,
          2,
          2,
          2,
          2,
          2,
          500,
          500,
          500,
          null,
          500,
          500,
          500,
          500,
          500,
          16793,
          500,
          6761,
          6761,
          null,
          null,
          0,
          null,
          null,
          null,
          null,
          null,
          0,
          null,
          null,
          2,
          2,
          null,
          3,
          null,
          null,
          null,
          null
        ]
      },
      "/Users/muskanagarwal/Downloads/scrapper/app/models/actor.rb": {
        "lines": [
          1,
          1,
          1,
          null,
          1,
          null
        ]
      },
      "/Users/muskanagarwal/Downloads/scrapper/app/models/application_record.rb": {
        "lines": [
          1,
          1,
          null
        ]
      },
      "/Users/muskanagarwal/Downloads/scrapper/app/models/movie.rb": {
        "lines": [
          1,
          1,
          1,
          null,
          1,
          null
        ]
      },
      "/Users/muskanagarwal/Downloads/scrapper/app/models/actor_movie.rb": {
        "lines": [
          1,
          1,
          1,
          null
        ]
      }
    },
    "timestamp": 1721741588
  }
}
