{
  "RSpec": {
    "coverage": {
      "/Users/muskanagarwal/Downloads/scrapper/app/controllers/actors_controller.rb": {
        "lines": [
          1,
          null,
          1,
          2,
          2,
          2,
          2,
          0,
          0,
          0,
          null,
          null,
          0,
          null,
          null,
          null,
          null,
          2,
          null,
          null,
          null,
          null
        ]
      },
      "/Users/muskanagarwal/Downloads/scrapper/app/controllers/application_controller.rb": {
        "lines": [
          1,
          null
        ]
      },
      "/Users/muskanagarwal/Downloads/scrapper/app/controllers/movies_controller.rb": {
        "lines": [
          1,
          1,
          null,
          1,
          1,
          1,
          1,
          1,
          null,
          null,
          1,
          1,
          null,
          0,
          null,
          null,
          1,
          null,
          1,
          1,
          null,
          null,
          null
        ]
      },
      "/Users/muskanagarwal/Downloads/scrapper/app/models/actor.rb": {
        "lines": [
          1,
          1,
          1,
          null,
          1,
          null
        ]
      },
      "/Users/muskanagarwal/Downloads/scrapper/app/models/application_record.rb": {
        "lines": [
          1,
          1,
          null
        ]
      },
      "/Users/muskanagarwal/Downloads/scrapper/app/services/movie_service.rb": {
        "lines": [
          1,
          null,
          1,
          1,
          1,
          1,
          0,
          0,
          0,
          0,
          0,
          0,
          0,
          0,
          0,
          null,
          0,
          0,
          null,
          0,
          0,
          0,
          0,
          0,
          0,
          0,
          null,
          null,
          0,
          null,
          null,
          null,
          null,
          null,
          0,
          null,
          null,
          0,
          0,
          null,
          1,
          null,
          null,
          null,
          null
        ]
      },
      "/Users/muskanagarwal/Downloads/scrapper/app/models/movie.rb": {
        "lines": [
          1,
          1,
          1,
          null,
          1,
          null
        ]
      },
      "/Users/muskanagarwal/Downloads/scrapper/app/mailers/application_mailer.rb": {
        "lines": [
          0,
          0,
          0,
          0
        ],
        "branches": {
        }
      },
      "/Users/muskanagarwal/Downloads/scrapper/app/models/actor_movie.rb": {
        "lines": [
          0,
          0,
          0,
          0
        ],
        "branches": {
        }
      },
      "/Users/muskanagarwal/Downloads/scrapper/app/jobs/scrapping_job.rb": {
        "lines": [
          0,
          null,
          0,
          0,
          0,
          0,
          0,
          0,
          0,
          0,
          0,
          0,
          null,
          0,
          0,
          0,
          0,
          0,
          0,
          null,
          0
        ],
        "branches": {
        }
      },
      "/Users/muskanagarwal/Downloads/scrapper/app/jobs/application_job.rb": {
        "lines": [
          0,
          null,
          null,
          null,
          null,
          null,
          0
        ],
        "branches": {
        }
      },
      "/Users/muskanagarwal/Downloads/scrapper/app/helpers/application_helper.rb": {
        "lines": [
          0,
          0
        ],
        "branches": {
        }
      },
      "/Users/muskanagarwal/Downloads/scrapper/app/channels/application_cable/connection.rb": {
        "lines": [
          0,
          0,
          0,
          0
        ],
        "branches": {
        }
      },
      "/Users/muskanagarwal/Downloads/scrapper/app/channels/application_cable/channel.rb": {
        "lines": [
          0,
          0,
          0,
          0
        ],
        "branches": {
        }
      }
    },
    "timestamp": 1721720119
  }
}
